<?xml version="1.0" encoding="UTF-8"?>
<!-- Generated by org.testng.reporters.JUnitReportReporter -->
<testsuite name="com.cucumber.bdd.tests.TestRunner" tests="4" time="65.590" ignored="0" failures="0" timestamp="01 May 2017 19:44:50 GMT" skipped="0" hostname="Nagesh" errors="0">
  <testcase name="runTests" time="15.508" classname="com.cucumber.bdd.tests.TestRunner"/>
  <testcase name="runTests" time="19.394" classname="com.cucumber.bdd.tests.TestRunner"/>
  <testcase name="runTests" time="14.147" classname="com.cucumber.bdd.tests.TestRunner"/>
  <testcase name="runTests" time="16.541" classname="com.cucumber.bdd.tests.TestRunner"/>
</testsuite> <!-- com.cucumber.bdd.tests.TestRunner -->
