<?xml version="1.0" encoding="UTF-8"?>
<!-- Generated by org.testng.reporters.JUnitReportReporter -->
<testsuite name="com.spicerack.testcases.SampleShoppingTest" tests="4" time="28.103" ignored="0" failures="0" timestamp="30 Apr 2017 17:08:51 GMT" skipped="0" hostname="Nagesh" errors="0">
  <testcase name="testSignIn" time="18.962" classname="com.spicerack.testcases.SampleShoppingTest"/>
  <testcase name="testTShirtPage" time="2.013" classname="com.spicerack.testcases.SampleShoppingTest"/>
  <testcase name="testDressesPage" time="4.161" classname="com.spicerack.testcases.SampleShoppingTest"/>
  <testcase name="testWomenPage" time="2.967" classname="com.spicerack.testcases.SampleShoppingTest"/>
</testsuite> <!-- com.spicerack.testcases.SampleShoppingTest -->
