<?xml version="1.0" encoding="UTF-8"?>
<!-- Generated by org.testng.reporters.JUnitReportReporter -->
<testsuite name="com.spicerack.testcases.SampleShoppingTest" tests="4" time="21.207" ignored="0" failures="0" timestamp="28 Apr 2017 20:45:07 GMT" skipped="0" hostname="Nagesh" errors="0">
  <testcase name="testTShirtPage" time="2.088" classname="com.spicerack.testcases.SampleShoppingTest"/>
  <testcase name="testDressesPage" time="3.450" classname="com.spicerack.testcases.SampleShoppingTest"/>
  <testcase name="testSignIn" time="12.905" classname="com.spicerack.testcases.SampleShoppingTest"/>
  <testcase name="testWomenPage" time="2.764" classname="com.spicerack.testcases.SampleShoppingTest"/>
</testsuite> <!-- com.spicerack.testcases.SampleShoppingTest -->
