<?xml version="1.0" encoding="UTF-8"?>
<!-- Generated by org.testng.reporters.JUnitReportReporter -->
<testsuite name="com.restassured.apitests.GitHubAPITests" tests="6" time="9.699" ignored="0" failures="0" timestamp="28 May 2017 16:38:55 GMT" skipped="0" hostname="Nagesh" errors="0">
  <testcase name="getEmailFields" time="1.261" classname="com.restassured.apitests.GitHubAPITests"/>
  <testcase name="getAllRepositories" time="3.377" classname="com.restassured.apitests.GitHubAPITests"/>
  <testcase name="getResponseAsString" time="1.180" classname="com.restassured.apitests.GitHubAPITests"/>
  <testcase name="validateEmailAddress" time="1.261" classname="com.restassured.apitests.GitHubAPITests"/>
  <testcase name="validateSpecificRepo" time="1.392" classname="com.restassured.apitests.GitHubAPITests"/>
  <testcase name="validateVisibility" time="1.228" classname="com.restassured.apitests.GitHubAPITests"/>
</testsuite> <!-- com.restassured.apitests.GitHubAPITests -->
