<?xml version="1.0" encoding="UTF-8"?>
<!-- Generated by org.testng.reporters.JUnitReportReporter -->
<testsuite name="com.spicerack.testcases.DatabaseTesting" tests="1" time="0.010" ignored="0" failures="0" timestamp="28 Apr 2017 12:46:22 GMT" skipped="0" hostname="Nagesh" errors="0">
  <testcase name="test" time="0.010" classname="com.spicerack.testcases.DatabaseTesting"/>
</testsuite> <!-- com.spicerack.testcases.DatabaseTesting -->
