<?xml version="1.0" encoding="UTF-8"?>
<!-- Generated by org.testng.reporters.JUnitReportReporter -->
<testsuite name="com.cucumber.bdd.tests.TestRunner" tests="5" time="115.344" ignored="0" failures="0" timestamp="02 May 2017 20:12:05 GMT" skipped="0" hostname="Nagesh" errors="0">
  <testcase name="runTests" time="19.162" classname="com.cucumber.bdd.tests.TestRunner"/>
  <testcase name="runTests" time="36.930" classname="com.cucumber.bdd.tests.TestRunner"/>
  <testcase name="runTests" time="19.665" classname="com.cucumber.bdd.tests.TestRunner"/>
  <testcase name="runTests" time="20.011" classname="com.cucumber.bdd.tests.TestRunner"/>
  <testcase name="runTests" time="19.576" classname="com.cucumber.bdd.tests.TestRunner"/>
</testsuite> <!-- com.cucumber.bdd.tests.TestRunner -->
