<?xml version="1.0" encoding="UTF-8"?>
<!-- Generated by org.testng.reporters.JUnitReportReporter -->
<testsuite name="com.cucumber.bdd.tests.TestRunner" tests="5" time="125.904" ignored="0" failures="0" timestamp="09 May 2017 10:50:52 GMT" skipped="0" hostname="Nagesh" errors="0">
  <testcase name="runTests" time="24.050" classname="com.cucumber.bdd.tests.TestRunner"/>
  <testcase name="runTests" time="21.035" classname="com.cucumber.bdd.tests.TestRunner"/>
  <testcase name="runTests" time="19.972" classname="com.cucumber.bdd.tests.TestRunner"/>
  <testcase name="runTests" time="23.809" classname="com.cucumber.bdd.tests.TestRunner"/>
  <testcase name="runTests" time="37.038" classname="com.cucumber.bdd.tests.TestRunner"/>
</testsuite> <!-- com.cucumber.bdd.tests.TestRunner -->
