<?xml version="1.0" encoding="UTF-8"?>
<!-- Generated by org.testng.reporters.JUnitReportReporter -->
<testsuite name="com.normal.tests.test.SampleShoppingTest" tests="4" time="22.314" ignored="0" failures="0" timestamp="01 May 2017 19:46:27 GMT" skipped="0" hostname="Nagesh" errors="0">
  <testcase name="testDressesPage" time="2.806" classname="com.normal.tests.test.SampleShoppingTest"/>
  <testcase name="testWomenPage" time="2.345" classname="com.normal.tests.test.SampleShoppingTest"/>
  <testcase name="testTShirtPage" time="1.781" classname="com.normal.tests.test.SampleShoppingTest"/>
  <testcase name="testSignIn" time="15.382" classname="com.normal.tests.test.SampleShoppingTest"/>
</testsuite> <!-- com.normal.tests.test.SampleShoppingTest -->
