<?xml version="1.0" encoding="UTF-8"?>
<!-- Generated by org.testng.reporters.JUnitReportReporter -->
<testsuite name="com.spicerack.testcases.SampleShoppingTest" tests="4" time="22.069" ignored="0" failures="0" timestamp="29 Apr 2017 12:02:31 GMT" skipped="0" hostname="Nagesh" errors="0">
  <testcase name="testDressesPage" time="3.942" classname="com.spicerack.testcases.SampleShoppingTest"/>
  <testcase name="testTShirtPage" time="2.214" classname="com.spicerack.testcases.SampleShoppingTest"/>
  <testcase name="testSignIn" time="13.133" classname="com.spicerack.testcases.SampleShoppingTest"/>
  <testcase name="testWomenPage" time="2.780" classname="com.spicerack.testcases.SampleShoppingTest"/>
</testsuite> <!-- com.spicerack.testcases.SampleShoppingTest -->
