<?xml version="1.0" encoding="UTF-8"?>
<!-- Generated by org.testng.reporters.JUnitReportReporter -->
<testsuite name="com.normal.tests.test.SampleShoppingTest" tests="4" time="21.204" ignored="0" failures="0" timestamp="30 Apr 2017 18:39:41 GMT" skipped="0" hostname="Nagesh" errors="0">
  <testcase name="testDressesPage" time="2.716" classname="com.normal.tests.test.SampleShoppingTest"/>
  <testcase name="testWomenPage" time="1.730" classname="com.normal.tests.test.SampleShoppingTest"/>
  <testcase name="testTShirtPage" time="1.709" classname="com.normal.tests.test.SampleShoppingTest"/>
  <testcase name="testSignIn" time="15.049" classname="com.normal.tests.test.SampleShoppingTest"/>
</testsuite> <!-- com.normal.tests.test.SampleShoppingTest -->
