<?xml version="1.0" encoding="UTF-8"?>
<!-- Generated by org.testng.reporters.JUnitReportReporter -->
<testsuite name="com.spicerack.testcases.SampleShoppingTest" tests="4" time="17.297" ignored="0" failures="0" timestamp="28 Apr 2017 07:01:33 GMT" skipped="0" hostname="Nagesh" errors="0">
  <testcase name="testWomenPage" time="2.522" classname="com.spicerack.testcases.SampleShoppingTest"/>
  <testcase name="testTShirtPage" time="1.924" classname="com.spicerack.testcases.SampleShoppingTest"/>
  <testcase name="testSignIn" time="9.288" classname="com.spicerack.testcases.SampleShoppingTest"/>
  <testcase name="testDressesPage" time="3.563" classname="com.spicerack.testcases.SampleShoppingTest"/>
</testsuite> <!-- com.spicerack.testcases.SampleShoppingTest -->
