<?xml version="1.0" encoding="UTF-8"?>
<!-- Generated by org.testng.reporters.JUnitReportReporter -->
<testsuite name="com.normal.tests.test.SampleShoppingTest" tests="4" time="40.022" ignored="0" failures="0" timestamp="28 May 2017 14:19:26 GMT" skipped="0" hostname="Nagesh" errors="0">
  <testcase name="testSignIn" time="15.644" classname="com.normal.tests.test.SampleShoppingTest"/>
  <testcase name="testWomenPage" time="8.684" classname="com.normal.tests.test.SampleShoppingTest"/>
  <testcase name="testTShirtPage" time="8.986" classname="com.normal.tests.test.SampleShoppingTest"/>
  <testcase name="testDressesPage" time="6.708" classname="com.normal.tests.test.SampleShoppingTest"/>
</testsuite> <!-- com.normal.tests.test.SampleShoppingTest -->
