<?xml version="1.0" encoding="UTF-8"?>
<!-- Generated by org.testng.reporters.JUnitReportReporter -->
<testsuite name="com.normal.tests.test.DatabaseTest" tests="1" time="0.011" ignored="0" failures="0" timestamp="30 Apr 2017 19:37:17 GMT" skipped="0" hostname="Nagesh" errors="0">
  <testcase name="test" time="0.011" classname="com.normal.tests.test.DatabaseTest"/>
</testsuite> <!-- com.normal.tests.test.DatabaseTest -->
