<?xml version="1.0" encoding="UTF-8"?>
<!-- Generated by org.testng.reporters.JUnitReportReporter -->
<testsuite name="com.spicerack.testcases.SampleExpediaTest" tests="1" time="71.592" ignored="0" failures="0" timestamp="27 Apr 2017 04:04:42 GMT" skipped="0" hostname="Nagesh" errors="0">
  <testcase name="fillBasicInfo" time="71.592" classname="com.spicerack.testcases.SampleExpediaTest"/>
</testsuite> <!-- com.spicerack.testcases.SampleExpediaTest -->
