<?xml version="1.0" encoding="UTF-8"?>
<!-- Generated by org.testng.reporters.JUnitReportReporter -->
<testsuite name="com.spicerack.testcases.SampleShoppingTest" tests="3" time="7.087" ignored="0" failures="0" timestamp="27 Apr 2017 12:15:00 GMT" skipped="0" hostname="Nagesh" errors="0">
  <testcase name="testDressesPage" time="2.988" classname="com.spicerack.testcases.SampleShoppingTest"/>
  <testcase name="testTShirtPage" time="1.852" classname="com.spicerack.testcases.SampleShoppingTest"/>
  <testcase name="testWomenPage" time="2.247" classname="com.spicerack.testcases.SampleShoppingTest"/>
</testsuite> <!-- com.spicerack.testcases.SampleShoppingTest -->
