<?xml version="1.0" encoding="UTF-8"?>
<!-- Generated by org.testng.reporters.JUnitReportReporter -->
<testsuite name="com.normal.tests.test.DatabaseTest" tests="1" time="0.038" ignored="1" failures="0" timestamp="01 May 2017 19:36:49 GMT" skipped="0" hostname="Nagesh" errors="0">
  <testcase name="test" time="0.038" classname="com.normal.tests.test.DatabaseTest"/>
  <testcase name="initialize" classname="com.normal.tests.test.InitializeTestCase">
    <skipped/>
  </testcase> <!-- initialize -->
</testsuite> <!-- com.normal.tests.test.DatabaseTest -->
