<?xml version="1.0" encoding="UTF-8"?>
<!-- Generated by org.testng.reporters.JUnitReportReporter -->
<testsuite name="com.cucumber.bdd.tests.TestRunner" tests="4" time="0.048" ignored="1" failures="0" timestamp="30 Apr 2017 20:24:11 GMT" skipped="0" hostname="Nagesh" errors="0">
  <testcase name="runTests" time="0.023" classname="com.cucumber.bdd.tests.TestRunner"/>
  <testcase name="runTests" time="0.012" classname="com.cucumber.bdd.tests.TestRunner"/>
  <testcase name="runTests" time="0.008" classname="com.cucumber.bdd.tests.TestRunner"/>
  <testcase name="runTests" time="0.005" classname="com.cucumber.bdd.tests.TestRunner"/>
  <testcase name="initialize" classname="com.normal.tests.test.InitializeTestCase">
    <skipped/>
  </testcase> <!-- initialize -->
</testsuite> <!-- com.cucumber.bdd.tests.TestRunner -->
