<?xml version="1.0" encoding="UTF-8"?>
<!-- Generated by org.testng.reporters.JUnitReportReporter -->
<testsuite name="com.spicerack.testcases.SampleExpediaTest" tests="1" time="91.555" ignored="0" failures="0" timestamp="27 Apr 2017 12:15:00 GMT" skipped="0" hostname="Nagesh" errors="0">
  <testcase name="fillBasicInfo" time="91.555" classname="com.spicerack.testcases.SampleExpediaTest"/>
</testsuite> <!-- com.spicerack.testcases.SampleExpediaTest -->
