<?xml version="1.0" encoding="UTF-8"?>
<!-- Generated by org.testng.reporters.JUnitReportReporter -->
<testsuite name="com.cucumber.bdd.tests.TestRunner" tests="4" time="68.463" ignored="1" failures="0" timestamp="01 May 2017 19:36:49 GMT" skipped="0" hostname="Nagesh" errors="0">
  <testcase name="runTests" time="20.796" classname="com.cucumber.bdd.tests.TestRunner"/>
  <testcase name="runTests" time="15.821" classname="com.cucumber.bdd.tests.TestRunner"/>
  <testcase name="runTests" time="16.528" classname="com.cucumber.bdd.tests.TestRunner"/>
  <testcase name="runTests" time="15.318" classname="com.cucumber.bdd.tests.TestRunner"/>
  <testcase name="initialize" classname="com.normal.tests.test.InitializeTestCase">
    <skipped/>
  </testcase> <!-- initialize -->
</testsuite> <!-- com.cucumber.bdd.tests.TestRunner -->
