<?xml version="1.0" encoding="UTF-8"?>
<!-- Generated by org.testng.reporters.JUnitReportReporter -->
<testsuite name="com.normal.tests.test.SampleShoppingTest" tests="4" time="21.783" ignored="1" failures="0" timestamp="30 Apr 2017 20:24:11 GMT" skipped="0" hostname="Nagesh" errors="0">
  <testcase name="testDressesPage" time="2.579" classname="com.normal.tests.test.SampleShoppingTest"/>
  <testcase name="testWomenPage" time="2.297" classname="com.normal.tests.test.SampleShoppingTest"/>
  <testcase name="testTShirtPage" time="1.792" classname="com.normal.tests.test.SampleShoppingTest"/>
  <testcase name="testSignIn" time="15.115" classname="com.normal.tests.test.SampleShoppingTest"/>
  <testcase name="initialize" classname="com.normal.tests.test.InitializeTestCase">
    <skipped/>
  </testcase> <!-- initialize -->
</testsuite> <!-- com.normal.tests.test.SampleShoppingTest -->
