<?xml version="1.0" encoding="UTF-8"?>
<!-- Generated by org.testng.reporters.JUnitReportReporter -->
<testsuite name="com.spicerack.testcases.SampleExpediaTest" tests="1" time="36.438" ignored="0" failures="0" timestamp="26 Apr 2017 19:25:00 GMT" skipped="0" hostname="Nagesh" errors="0">
  <testcase name="fillBasicInfo" time="36.438" classname="com.spicerack.testcases.SampleExpediaTest"/>
</testsuite> <!-- com.spicerack.testcases.SampleExpediaTest -->
