<?xml version="1.0" encoding="UTF-8"?>
<!-- Generated by org.testng.reporters.JUnitReportReporter -->
<testsuite name="com.spicerack.testcases.SampleShoppingTest" tests="4" time="22.027" ignored="1" failures="0" timestamp="29 Apr 2017 12:51:46 GMT" skipped="0" hostname="Nagesh" errors="0">
  <testcase name="testTShirtPage" time="2.134" classname="com.spicerack.testcases.SampleShoppingTest"/>
  <testcase name="testWomenPage" time="2.740" classname="com.spicerack.testcases.SampleShoppingTest"/>
  <testcase name="testSignIn" time="13.534" classname="com.spicerack.testcases.SampleShoppingTest"/>
  <testcase name="testDressesPage" time="3.619" classname="com.spicerack.testcases.SampleShoppingTest"/>
  <testcase name="initialize" classname="com.spicerack.testcases.InitializeTestCase">
    <skipped/>
  </testcase> <!-- initialize -->
</testsuite> <!-- com.spicerack.testcases.SampleShoppingTest -->
